#-----------------------------------------------------------
# Webtalk v2017.2 (64-bit)
# SW Build 1909853 on Thu Jun 15 18:39:09 MDT 2017
# 
# Start of session at: Thu Aug  3 17:18:37 2017
# Process ID: 19132
# Current directory: G:/projects_ext/validation_study/openamp/openamp.sdk/webtalk
# Command line: wbtcv.exe -mode batch -source sdk_webtalk.tcl
# Log file: G:/projects_ext/validation_study/openamp/openamp.sdk/webtalk/webtalk.log
# Journal file: G:/projects_ext/validation_study/openamp/openamp.sdk/webtalk\webtalk.jou
#-----------------------------------------------------------
source sdk_webtalk.tcl
# webtalk_init -webtalk_dir G:\\projects_ext\\validation_study\\openamp\\openamp.sdk\\webtalk
# webtalk_register_client -client project
# webtalk_add_data -client project -key date_generated -value "2017-08-03 17:18:31" -context "software_version_and_target_device"
# webtalk_add_data -client project -key product_version -value "SDK v2017.2" -context "software_version_and_target_device"
# webtalk_add_data -client project -key build_version -value "2017.2" -context "software_version_and_target_device"
# webtalk_add_data -client project -key os_platform -value "amd64" -context "software_version_and_target_device"
# webtalk_add_data -client project -key registration_id -value "210976952_1777503594_0_725" -context "software_version_and_target_device"
# webtalk_add_data -client project -key tool_flow -value "SDK" -context "software_version_and_target_device"
# webtalk_add_data -client project -key beta -value "false" -context "software_version_and_target_device"
# webtalk_add_data -client project -key route_design -value "NA" -context "software_version_and_target_device"
# webtalk_add_data -client project -key target_family -value "NA" -context "software_version_and_target_device"
# webtalk_add_data -client project -key target_device -value "NA" -context "software_version_and_target_device"
# webtalk_add_data -client project -key target_package -value "NA" -context "software_version_and_target_device"
# webtalk_add_data -client project -key target_speed -value "NA" -context "software_version_and_target_device"
# webtalk_add_data -client project -key random_id -value "ckmi62257mvu4rc1nr15nus6p2" -context "software_version_and_target_device"
# webtalk_add_data -client project -key project_id -value "2017.2_6" -context "software_version_and_target_device"
# webtalk_add_data -client project -key project_iteration -value "6" -context "software_version_and_target_device"
# webtalk_add_data -client project -key os_name -value "Microsoft Windows 7 , 64-bit" -context "user_environment"
# webtalk_add_data -client project -key os_release -value "Service Pack 1  (build 7601)" -context "user_environment"
# webtalk_add_data -client project -key cpu_name -value "Intel(R) Core(TM) i7-4600M CPU @ 2.90GHz" -context "user_environment"
# webtalk_add_data -client project -key cpu_speed -value "2893 MHz" -context "user_environment"
# webtalk_add_data -client project -key total_processors -value "1" -context "user_environment"
# webtalk_add_data -client project -key system_ram -value "8.000 GB" -context "user_environment"
# webtalk_register_client -client sdk
# webtalk_add_data -client sdk -key uid -value "1501771801955" -context "sdk\\\\application/1501771801955"
# webtalk_add_data -client sdk -key hwid -value "1501258621539" -context "sdk\\\\application/1501771801955"
# webtalk_add_data -client sdk -key bspid -value "1501259562235" -context "sdk\\\\application/1501771801955"
# webtalk_add_data -client sdk -key newbsp -value "false" -context "sdk\\\\application/1501771801955"
# webtalk_add_data -client sdk -key os -value "standalone" -context "sdk\\\\application/1501771801955"
# webtalk_add_data -client sdk -key apptemplate -value "openamp_echo_test" -context "sdk\\\\application/1501771801955"
# webtalk_add_data -client sdk -key RecordType -value "APPCreation" -context "sdk\\\\application/1501771801955"
# webtalk_add_data -client sdk -key LangUsed -value "C" -context "sdk\\\\application/1501771801955"
# webtalk_add_data -client sdk -key Procused -value "ps7_cortexa9" -context "sdk\\\\application/1501771801955"
# webtalk_add_data -client sdk -key uid -value "NA" -context "sdk\\\\bsp/1501795111686"
# webtalk_add_data -client sdk -key RecordType -value "ToolUsage" -context "sdk\\\\bsp/1501795111686"
# webtalk_add_data -client sdk -key BootgenCount -value "0" -context "sdk\\\\bsp/1501795111686"
# webtalk_add_data -client sdk -key DebugCount -value "12" -context "sdk\\\\bsp/1501795111686"
# webtalk_add_data -client sdk -key PerfCount -value "0" -context "sdk\\\\bsp/1501795111686"
# webtalk_add_data -client sdk -key FlashCount -value "0" -context "sdk\\\\bsp/1501795111686"
# webtalk_add_data -client sdk -key CrossTriggCount -value "0" -context "sdk\\\\bsp/1501795111686"
# webtalk_add_data -client sdk -key QemuDebugCount -value "0" -context "sdk\\\\bsp/1501795111686"
# webtalk_transmit -clientid 1361927551 -regid "210976952_1777503594_0_725" -xml G:\\projects_ext\\validation_study\\openamp\\openamp.sdk\\webtalk\\usage_statistics_ext_sdk.xml -html G:\\projects_ext\\validation_study\\openamp\\openamp.sdk\\webtalk\\usage_statistics_ext_sdk.html -wdm G:\\projects_ext\\validation_study\\openamp\\openamp.sdk\\webtalk\\sdk_webtalk.wdm -intro "<H3>SDK Usage Report</H3><BR>"
