18:13:01 **** Auto Build of project slave_bsp ****
make -k all 
"Running Make include in ps7_cortexa9_1/libsrc/coresightps_dcc_v1_4/src"
make -C ps7_cortexa9_1/libsrc/coresightps_dcc_v1_4/src -s include  "SHELL=CMD" "COMPILER=arm-none-eabi-gcc" "ARCHIVER=arm-none-eabi-ar" "COMPILER_FLAGS=  -O2 -c" "EXTRA_COMPILER_FLAGS=-mcpu=cortex-a9 -mfpu=vfpv3 -mfloat-abi=hard -nostartfiles -Wall -Wextra -DUNDEFINE_FILE_OPS -DSHAREABLE_DDR -DUSE_AMP=1"
"Running Make include in ps7_cortexa9_1/libsrc/cpu_cortexa9_v2_4/src"
make -C ps7_cortexa9_1/libsrc/cpu_cortexa9_v2_4/src -s include  "SHELL=CMD" "COMPILER=arm-none-eabi-gcc" "ARCHIVER=arm-none-eabi-ar" "COMPILER_FLAGS=  -O2 -c" "EXTRA_COMPILER_FLAGS=-mcpu=cortex-a9 -mfpu=vfpv3 -mfloat-abi=hard -nostartfiles -Wall -Wextra -DUNDEFINE_FILE_OPS -DSHAREABLE_DDR -DUSE_AMP=1"
"Running Make include in ps7_cortexa9_1/libsrc/ddrps_v1_0/src"
make -C ps7_cortexa9_1/libsrc/ddrps_v1_0/src -s include  "SHELL=CMD" "COMPILER=arm-none-eabi-gcc" "ARCHIVER=arm-none-eabi-ar" "COMPILER_FLAGS=  -O2 -c" "EXTRA_COMPILER_FLAGS=-mcpu=cortex-a9 -mfpu=vfpv3 -mfloat-abi=hard -nostartfiles -Wall -Wextra -DUNDEFINE_FILE_OPS -DSHAREABLE_DDR -DUSE_AMP=1"
"Running Make include in ps7_cortexa9_1/libsrc/devcfg_v3_4/src"
make -C ps7_cortexa9_1/libsrc/devcfg_v3_4/src -s include  "SHELL=CMD" "COMPILER=arm-none-eabi-gcc" "ARCHIVER=arm-none-eabi-ar" "COMPILER_FLAGS=  -O2 -c" "EXTRA_COMPILER_FLAGS=-mcpu=cortex-a9 -mfpu=vfpv3 -mfloat-abi=hard -nostartfiles -Wall -Wextra -DUNDEFINE_FILE_OPS -DSHAREABLE_DDR -DUSE_AMP=1"
"Running Make include in ps7_cortexa9_1/libsrc/dmaps_v2_3/src"
make -C ps7_cortexa9_1/libsrc/dmaps_v2_3/src -s include  "SHELL=CMD" "COMPILER=arm-none-eabi-gcc" "ARCHIVER=arm-none-eabi-ar" "COMPILER_FLAGS=  -O2 -c" "EXTRA_COMPILER_FLAGS=-mcpu=cortex-a9 -mfpu=vfpv3 -mfloat-abi=hard -nostartfiles -Wall -Wextra -DUNDEFINE_FILE_OPS -DSHAREABLE_DDR -DUSE_AMP=1"
"Running Make include in ps7_cortexa9_1/libsrc/emacps_v3_4/src"
make -C ps7_cortexa9_1/libsrc/emacps_v3_4/src -s include  "SHELL=CMD" "COMPILER=arm-none-eabi-gcc" "ARCHIVER=arm-none-eabi-ar" "COMPILER_FLAGS=  -O2 -c" "EXTRA_COMPILER_FLAGS=-mcpu=cortex-a9 -mfpu=vfpv3 -mfloat-abi=hard -nostartfiles -Wall -Wextra -DUNDEFINE_FILE_OPS -DSHAREABLE_DDR -DUSE_AMP=1"
"Running Make include in ps7_cortexa9_1/libsrc/gpiops_v3_3/src"
make -C ps7_cortexa9_1/libsrc/gpiops_v3_3/src -s include  "SHELL=CMD" "COMPILER=arm-none-eabi-gcc" "ARCHIVER=arm-none-eabi-ar" "COMPILER_FLAGS=  -O2 -c" "EXTRA_COMPILER_FLAGS=-mcpu=cortex-a9 -mfpu=vfpv3 -mfloat-abi=hard -nostartfiles -Wall -Wextra -DUNDEFINE_FILE_OPS -DSHAREABLE_DDR -DUSE_AMP=1"
"Running Make include in ps7_cortexa9_1/libsrc/libmetal_v1_21/src"
make -C ps7_cortexa9_1/libsrc/libmetal_v1_21/src -s include  "SHELL=CMD" "COMPILER=arm-none-eabi-gcc" "ARCHIVER=arm-none-eabi-ar" "COMPILER_FLAGS=  -O2 -c" "EXTRA_COMPILER_FLAGS=-mcpu=cortex-a9 -mfpu=vfpv3 -mfloat-abi=hard -nostartfiles -Wall -Wextra -DUNDEFINE_FILE_OPS -DSHAREABLE_DDR -DUSE_AMP=1"
"Running Make include in ps7_cortexa9_1/libsrc/openamp_v1_31/src"
make -C ps7_cortexa9_1/libsrc/openamp_v1_31/src -s include  "SHELL=CMD" "COMPILER=arm-none-eabi-gcc" "ARCHIVER=arm-none-eabi-ar" "COMPILER_FLAGS=  -O2 -c" "EXTRA_COMPILER_FLAGS=-mcpu=cortex-a9 -mfpu=vfpv3 -mfloat-abi=hard -nostartfiles -Wall -Wextra -DUNDEFINE_FILE_OPS -DSHAREABLE_DDR -DUSE_AMP=1"
"Running Make include in ps7_cortexa9_1/libsrc/qspips_v3_3/src"
make -C ps7_cortexa9_1/libsrc/qspips_v3_3/src -s include  "SHELL=CMD" "COMPILER=arm-none-eabi-gcc" "ARCHIVER=arm-none-eabi-ar" "COMPILER_FLAGS=  -O2 -c" "EXTRA_COMPILER_FLAGS=-mcpu=cortex-a9 -mfpu=vfpv3 -mfloat-abi=hard -nostartfiles -Wall -Wextra -DUNDEFINE_FILE_OPS -DSHAREABLE_DDR -DUSE_AMP=1"
"Running Make include in ps7_cortexa9_1/libsrc/scugic_v3_7/src"
make -C ps7_cortexa9_1/libsrc/scugic_v3_7/src -s include  "SHELL=CMD" "COMPILER=arm-none-eabi-gcc" "ARCHIVER=arm-none-eabi-ar" "COMPILER_FLAGS=  -O2 -c" "EXTRA_COMPILER_FLAGS=-mcpu=cortex-a9 -mfpu=vfpv3 -mfloat-abi=hard -nostartfiles -Wall -Wextra -DUNDEFINE_FILE_OPS -DSHAREABLE_DDR -DUSE_AMP=1"
"Running Make include in ps7_cortexa9_1/libsrc/scutimer_v2_1/src"
make -C ps7_cortexa9_1/libsrc/scutimer_v2_1/src -s include  "SHELL=CMD" "COMPILER=arm-none-eabi-gcc" "ARCHIVER=arm-none-eabi-ar" "COMPILER_FLAGS=  -O2 -c" "EXTRA_COMPILER_FLAGS=-mcpu=cortex-a9 -mfpu=vfpv3 -mfloat-abi=hard -nostartfiles -Wall -Wextra -DUNDEFINE_FILE_OPS -DSHAREABLE_DDR -DUSE_AMP=1"
"Running Make include in ps7_cortexa9_1/libsrc/scuwdt_v2_1/src"
make -C ps7_cortexa9_1/libsrc/scuwdt_v2_1/src -s include  "SHELL=CMD" "COMPILER=arm-none-eabi-gcc" "ARCHIVER=arm-none-eabi-ar" "COMPILER_FLAGS=  -O2 -c" "EXTRA_COMPILER_FLAGS=-mcpu=cortex-a9 -mfpu=vfpv3 -mfloat-abi=hard -nostartfiles -Wall -Wextra -DUNDEFINE_FILE_OPS -DSHAREABLE_DDR -DUSE_AMP=1"
"Running Make include in ps7_cortexa9_1/libsrc/sdps_v3_2/src"
make -C ps7_cortexa9_1/libsrc/sdps_v3_2/src -s include  "SHELL=CMD" "COMPILER=arm-none-eabi-gcc" "ARCHIVER=arm-none-eabi-ar" "COMPILER_FLAGS=  -O2 -c" "EXTRA_COMPILER_FLAGS=-mcpu=cortex-a9 -mfpu=vfpv3 -mfloat-abi=hard -nostartfiles -Wall -Wextra -DUNDEFINE_FILE_OPS -DSHAREABLE_DDR -DUSE_AMP=1"
"Running Make include in ps7_cortexa9_1/libsrc/standalone_v6_3/src"
make -C ps7_cortexa9_1/libsrc/standalone_v6_3/src -s include  "SHELL=CMD" "COMPILER=arm-none-eabi-gcc" "ARCHIVER=arm-none-eabi-ar" "COMPILER_FLAGS=  -O2 -c" "EXTRA_COMPILER_FLAGS=-mcpu=cortex-a9 -mfpu=vfpv3 -mfloat-abi=hard -nostartfiles -Wall -Wextra -DUNDEFINE_FILE_OPS -DSHAREABLE_DDR -DUSE_AMP=1"
"Running Make include in ps7_cortexa9_1/libsrc/ttcps_v3_3/src"
make -C ps7_cortexa9_1/libsrc/ttcps_v3_3/src -s include  "SHELL=CMD" "COMPILER=arm-none-eabi-gcc" "ARCHIVER=arm-none-eabi-ar" "COMPILER_FLAGS=  -O2 -c" "EXTRA_COMPILER_FLAGS=-mcpu=cortex-a9 -mfpu=vfpv3 -mfloat-abi=hard -nostartfiles -Wall -Wextra -DUNDEFINE_FILE_OPS -DSHAREABLE_DDR -DUSE_AMP=1"
"Running Make include in ps7_cortexa9_1/libsrc/uartps_v3_4/src"
make -C ps7_cortexa9_1/libsrc/uartps_v3_4/src -s include  "SHELL=CMD" "COMPILER=arm-none-eabi-gcc" "ARCHIVER=arm-none-eabi-ar" "COMPILER_FLAGS=  -O2 -c" "EXTRA_COMPILER_FLAGS=-mcpu=cortex-a9 -mfpu=vfpv3 -mfloat-abi=hard -nostartfiles -Wall -Wextra -DUNDEFINE_FILE_OPS -DSHAREABLE_DDR -DUSE_AMP=1"
"Running Make include in ps7_cortexa9_1/libsrc/usbps_v2_4/src"
make -C ps7_cortexa9_1/libsrc/usbps_v2_4/src -s include  "SHELL=CMD" "COMPILER=arm-none-eabi-gcc" "ARCHIVER=arm-none-eabi-ar" "COMPILER_FLAGS=  -O2 -c" "EXTRA_COMPILER_FLAGS=-mcpu=cortex-a9 -mfpu=vfpv3 -mfloat-abi=hard -nostartfiles -Wall -Wextra -DUNDEFINE_FILE_OPS -DSHAREABLE_DDR -DUSE_AMP=1"
"Running Make include in ps7_cortexa9_1/libsrc/xadcps_v2_2/src"
make -C ps7_cortexa9_1/libsrc/xadcps_v2_2/src -s include  "SHELL=CMD" "COMPILER=arm-none-eabi-gcc" "ARCHIVER=arm-none-eabi-ar" "COMPILER_FLAGS=  -O2 -c" "EXTRA_COMPILER_FLAGS=-mcpu=cortex-a9 -mfpu=vfpv3 -mfloat-abi=hard -nostartfiles -Wall -Wextra -DUNDEFINE_FILE_OPS -DSHAREABLE_DDR -DUSE_AMP=1"
"Running Make libs in ps7_cortexa9_1/libsrc/coresightps_dcc_v1_4/src"
make -C ps7_cortexa9_1/libsrc/coresightps_dcc_v1_4/src -s libs  "SHELL=CMD" "COMPILER=arm-none-eabi-gcc" "ARCHIVER=arm-none-eabi-ar" "COMPILER_FLAGS=  -O2 -c" "EXTRA_COMPILER_FLAGS=-mcpu=cortex-a9 -mfpu=vfpv3 -mfloat-abi=hard -nostartfiles -Wall -Wextra -DUNDEFINE_FILE_OPS -DSHAREABLE_DDR -DUSE_AMP=1"
"Compiling coresightps_dcc"
arm-none-eabi-ar: creating ../../../lib/libxil.a
"Running Make libs in ps7_cortexa9_1/libsrc/cpu_cortexa9_v2_4/src"
make -C ps7_cortexa9_1/libsrc/cpu_cortexa9_v2_4/src -s libs  "SHELL=CMD" "COMPILER=arm-none-eabi-gcc" "ARCHIVER=arm-none-eabi-ar" "COMPILER_FLAGS=  -O2 -c" "EXTRA_COMPILER_FLAGS=-mcpu=cortex-a9 -mfpu=vfpv3 -mfloat-abi=hard -nostartfiles -Wall -Wextra -DUNDEFINE_FILE_OPS -DSHAREABLE_DDR -DUSE_AMP=1"
"Compiling cpu_cortexa9"
"Running Make libs in ps7_cortexa9_1/libsrc/ddrps_v1_0/src"
make -C ps7_cortexa9_1/libsrc/ddrps_v1_0/src -s libs  "SHELL=CMD" "COMPILER=arm-none-eabi-gcc" "ARCHIVER=arm-none-eabi-ar" "COMPILER_FLAGS=  -O2 -c" "EXTRA_COMPILER_FLAGS=-mcpu=cortex-a9 -mfpu=vfpv3 -mfloat-abi=hard -nostartfiles -Wall -Wextra -DUNDEFINE_FILE_OPS -DSHAREABLE_DDR -DUSE_AMP=1"
"Compiling ddrps"
"Running Make libs in ps7_cortexa9_1/libsrc/devcfg_v3_4/src"
make -C ps7_cortexa9_1/libsrc/devcfg_v3_4/src -s libs  "SHELL=CMD" "COMPILER=arm-none-eabi-gcc" "ARCHIVER=arm-none-eabi-ar" "COMPILER_FLAGS=  -O2 -c" "EXTRA_COMPILER_FLAGS=-mcpu=cortex-a9 -mfpu=vfpv3 -mfloat-abi=hard -nostartfiles -Wall -Wextra -DUNDEFINE_FILE_OPS -DSHAREABLE_DDR -DUSE_AMP=1"
"Compiling devcfg"
"Running Make libs in ps7_cortexa9_1/libsrc/dmaps_v2_3/src"
make -C ps7_cortexa9_1/libsrc/dmaps_v2_3/src -s libs  "SHELL=CMD" "COMPILER=arm-none-eabi-gcc" "ARCHIVER=arm-none-eabi-ar" "COMPILER_FLAGS=  -O2 -c" "EXTRA_COMPILER_FLAGS=-mcpu=cortex-a9 -mfpu=vfpv3 -mfloat-abi=hard -nostartfiles -Wall -Wextra -DUNDEFINE_FILE_OPS -DSHAREABLE_DDR -DUSE_AMP=1"
"Compiling dmaps"
"Running Make libs in ps7_cortexa9_1/libsrc/emacps_v3_4/src"
make -C ps7_cortexa9_1/libsrc/emacps_v3_4/src -s libs  "SHELL=CMD" "COMPILER=arm-none-eabi-gcc" "ARCHIVER=arm-none-eabi-ar" "COMPILER_FLAGS=  -O2 -c" "EXTRA_COMPILER_FLAGS=-mcpu=cortex-a9 -mfpu=vfpv3 -mfloat-abi=hard -nostartfiles -Wall -Wextra -DUNDEFINE_FILE_OPS -DSHAREABLE_DDR -DUSE_AMP=1"
"Compiling emacps"
"Running Make libs in ps7_cortexa9_1/libsrc/gpiops_v3_3/src"
make -C ps7_cortexa9_1/libsrc/gpiops_v3_3/src -s libs  "SHELL=CMD" "COMPILER=arm-none-eabi-gcc" "ARCHIVER=arm-none-eabi-ar" "COMPILER_FLAGS=  -O2 -c" "EXTRA_COMPILER_FLAGS=-mcpu=cortex-a9 -mfpu=vfpv3 -mfloat-abi=hard -nostartfiles -Wall -Wextra -DUNDEFINE_FILE_OPS -DSHAREABLE_DDR -DUSE_AMP=1"
"Compiling gpiops"
"Running Make libs in ps7_cortexa9_1/libsrc/libmetal_v1_21/src"
make -C ps7_cortexa9_1/libsrc/libmetal_v1_21/src -s libs  "SHELL=CMD" "COMPILER=arm-none-eabi-gcc" "ARCHIVER=arm-none-eabi-ar" "COMPILER_FLAGS=  -O2 -c" "EXTRA_COMPILER_FLAGS=-mcpu=cortex-a9 -mfpu=vfpv3 -mfloat-abi=hard -nostartfiles -Wall -Wextra -DUNDEFINE_FILE_OPS -DSHAREABLE_DDR -DUSE_AMP=1"
Scanning dependencies of target metal-static
[  5%] Building C object lib/CMakeFiles/metal-static.dir/device.c.obj
[ 11%] Building C object lib/CMakeFiles/metal-static.dir/init.c.obj
[ 17%] Building C object lib/CMakeFiles/metal-static.dir/log.c.obj
[ 23%] Building C object lib/CMakeFiles/metal-static.dir/shmem.c.obj
[ 29%] Building C object lib/CMakeFiles/metal-static.dir/version.c.obj
[ 35%] Building C object lib/CMakeFiles/metal-static.dir/dma.c.obj
[ 41%] Building C object lib/CMakeFiles/metal-static.dir/io.c.obj
[ 47%] Building C object lib/CMakeFiles/metal-static.dir/system/generic/init.c.obj
[ 52%] Building C object lib/CMakeFiles/metal-static.dir/system/generic/shmem.c.obj
[ 58%] Building C object lib/CMakeFiles/metal-static.dir/system/generic/condition.c.obj
[ 64%] Building C object lib/CMakeFiles/metal-static.dir/system/generic/cache.c.obj
[ 70%] Building C object lib/CMakeFiles/metal-static.dir/system/generic/io.c.obj
[ 76%] Building C object lib/CMakeFiles/metal-static.dir/system/generic/irq.c.obj
[ 82%] Building C object lib/CMakeFiles/metal-static.dir/system/generic/time.c.obj
[ 88%] Building C object lib/CMakeFiles/metal-static.dir/system/generic/sleep.c.obj
[ 94%] Building C object lib/CMakeFiles/metal-static.dir/system/generic/zynq7/sys.c.obj
[100%] Linking C static library libmetal.a
C:/Xilinx/SDK/2017.2/gnu/aarch32/nt/gcc-arm-none-eabi/bin/arm-none-eabi-ar.exe cq libmetal.a  CMakeFiles/metal-static.dir/device.c.obj CMakeFiles/metal-static.dir/init.c.obj CMakeFiles/metal-static.dir/log.c.obj CMakeFiles/metal-static.dir/shmem.c.obj CMakeFiles/metal-static.dir/version.c.obj CMakeFiles/metal-static.dir/dma.c.obj CMakeFiles/metal-static.dir/io.c.obj CMakeFiles/metal-static.dir/system/generic/init.c.obj CMakeFiles/metal-static.dir/system/generic/shmem.c.obj CMakeFiles/metal-static.dir/system/generic/condition.c.obj CMakeFiles/metal-static.dir/system/generic/cache.c.obj CMakeFiles/metal-static.dir/system/generic/io.c.obj CMakeFiles/metal-static.dir/system/generic/irq.c.obj CMakeFiles/metal-static.dir/system/generic/time.c.obj CMakeFiles/metal-static.dir/system/generic/sleep.c.obj CMakeFiles/metal-static.dir/system/generic/zynq7/sys.c.obj
C:/Xilinx/SDK/2017.2/gnu/aarch32/nt/gcc-arm-none-eabi/bin/arm-none-eabi-ranlib.exe libmetal.a
[100%] Built target metal-static
Install the project...
-- Install configuration: ""
-- Installing: ../../../include/metal/atomic.h
-- Installing: ../../../include/metal/compiler.h
-- Installing: ../../../include/metal/config.h
-- Installing: ../../../include/metal/device.h
-- Installing: ../../../include/metal/io.h
-- Installing: ../../../include/metal/list.h
-- Installing: ../../../include/metal/log.h
-- Installing: ../../../include/metal/mutex.h
-- Installing: ../../../include/metal/condition.h
-- Installing: ../../../include/metal/shmem.h
-- Installing: ../../../include/metal/sys.h
-- Installing: ../../../include/metal/utilities.h
-- Installing: ../../../include/metal/version.h
-- Installing: ../../../include/metal/cpu.h
-- Installing: ../../../include/metal/spinlock.h
-- Installing: ../../../include/metal/irq.h
-- Installing: ../../../include/metal/alloc.h
-- Installing: ../../../include/metal/cache.h
-- Installing: ../../../include/metal/dma.h
-- Installing: ../../../include/metal/time.h
-- Installing: ../../../include/metal/sleep.h
-- Installing: ../../../include/metal/compiler/gcc/atomic.h
-- Installing: ../../../include/metal/compiler/gcc/compiler.h
-- Installing: ../../../include/metal/processor/arm/atomic.h
-- Installing: ../../../include/metal/processor/arm/cpu.h
-- Installing: ../../../include/metal/system/generic/mutex.h
-- Installing: ../../../include/metal/system/generic/sys.h
-- Installing: ../../../include/metal/system/generic/condition.h
-- Installing: ../../../include/metal/system/generic/alloc.h
-- Installing: ../../../include/metal/system/generic/irq.h
-- Installing: ../../../include/metal/system/generic/zynq7/sys.h
-- Installing: ../../../lib/libmetal.a
"Running Make libs in ps7_cortexa9_1/libsrc/openamp_v1_31/src"
make -C ps7_cortexa9_1/libsrc/openamp_v1_31/src -s libs  "SHELL=CMD" "COMPILER=arm-none-eabi-gcc" "ARCHIVER=arm-none-eabi-ar" "COMPILER_FLAGS=  -O2 -c" "EXTRA_COMPILER_FLAGS=-mcpu=cortex-a9 -mfpu=vfpv3 -mfloat-abi=hard -nostartfiles -Wall -Wextra -DUNDEFINE_FILE_OPS -DSHAREABLE_DDR -DUSE_AMP=1"
Scanning dependencies of target open_amp-static
[  6%] Building C object lib/CMakeFiles/open_amp-static.dir/common/hil.c.obj
[ 12%] Building C object lib/CMakeFiles/open_amp-static.dir/common/sh_mem.c.obj
[ 18%] Building C object lib/CMakeFiles/open_amp-static.dir/common/firmware.c.obj
[ 25%] Building C object lib/CMakeFiles/open_amp-static.dir/virtio/virtio.c.obj
[ 31%] Building C object lib/CMakeFiles/open_amp-static.dir/virtio/virtqueue.c.obj
[ 37%] Building C object lib/CMakeFiles/open_amp-static.dir/rpmsg/remote_device.c.obj
[ 43%] Building C object lib/CMakeFiles/open_amp-static.dir/rpmsg/rpmsg.c.obj
[ 50%] Building C object lib/CMakeFiles/open_amp-static.dir/rpmsg/rpmsg_core.c.obj
[ 56%] Building C object lib/CMakeFiles/open_amp-static.dir/remoteproc/elf_loader.c.obj
[ 62%] Building C object lib/CMakeFiles/open_amp-static.dir/remoteproc/remoteproc.c.obj
[ 68%] Building C object lib/CMakeFiles/open_amp-static.dir/remoteproc/remoteproc_loader.c.obj
[ 75%] Building C object lib/CMakeFiles/open_amp-static.dir/remoteproc/rsc_table_parser.c.obj
[ 81%] Building C object lib/CMakeFiles/open_amp-static.dir/remoteproc/drivers/zynq_remoteproc_a9.c.obj
[ 87%] Building ASM object lib/CMakeFiles/open_amp-static.dir/remoteproc/drivers/zynq_a9_trampoline.S.obj
[ 93%] Building C object lib/CMakeFiles/open_amp-static.dir/proxy/rpmsg_retarget.c.obj
[100%] Linking C static library libopen_amp.a
C:/Xilinx/SDK/2017.2/gnu/aarch32/nt/gcc-arm-none-eabi/bin/arm-none-eabi-ar.exe cq libopen_amp.a  CMakeFiles/open_amp-static.dir/common/hil.c.obj CMakeFiles/open_amp-static.dir/common/sh_mem.c.obj CMakeFiles/open_amp-static.dir/common/firmware.c.obj CMakeFiles/open_amp-static.dir/virtio/virtio.c.obj CMakeFiles/open_amp-static.dir/virtio/virtqueue.c.obj CMakeFiles/open_amp-static.dir/rpmsg/remote_device.c.obj CMakeFiles/open_amp-static.dir/rpmsg/rpmsg.c.obj CMakeFiles/open_amp-static.dir/rpmsg/rpmsg_core.c.obj CMakeFiles/open_amp-static.dir/remoteproc/elf_loader.c.obj CMakeFiles/open_amp-static.dir/remoteproc/remoteproc.c.obj CMakeFiles/open_amp-static.dir/remoteproc/remoteproc_loader.c.obj CMakeFiles/open_amp-static.dir/remoteproc/rsc_table_parser.c.obj CMakeFiles/open_amp-static.dir/remoteproc/drivers/zynq_remoteproc_a9.c.obj CMakeFiles/open_amp-static.dir/remoteproc/drivers/zynq_a9_trampoline.S.obj CMakeFiles/open_amp-static.dir/proxy/rpmsg_retarget.c.obj
C:/Xilinx/SDK/2017.2/gnu/aarch32/nt/gcc-arm-none-eabi/bin/arm-none-eabi-ranlib.exe libopen_amp.a
[100%] Built target open_amp-static
Install the project...
-- Install configuration: "Debug"
-- Installing: ../../../lib/libopen_amp.a
-- Up-to-date: ../../../include/openamp
-- Installing: ../../../include/openamp/compiler.h
-- Installing: ../../../include/openamp/elf_loader.h
-- Installing: ../../../include/openamp/env.h
-- Installing: ../../../include/openamp/firmware.h
-- Installing: ../../../include/openamp/hil.h
-- Installing: ../../../include/openamp/open_amp.h
-- Installing: ../../../include/openamp/remoteproc.h
-- Installing: ../../../include/openamp/remoteproc_loader.h
-- Installing: ../../../include/openamp/rpmsg.h
-- Installing: ../../../include/openamp/rpmsg_core.h
-- Installing: ../../../include/openamp/rpmsg_retarget.h
-- Installing: ../../../include/openamp/rsc_table_parser.h
-- Installing: ../../../include/openamp/sh_mem.h
-- Installing: ../../../include/openamp/virtio.h
-- Installing: ../../../include/openamp/virtio_ring.h
-- Installing: ../../../include/openamp/virtqueue.h
"Running Make libs in ps7_cortexa9_1/libsrc/qspips_v3_3/src"
make -C ps7_cortexa9_1/libsrc/qspips_v3_3/src -s libs  "SHELL=CMD" "COMPILER=arm-none-eabi-gcc" "ARCHIVER=arm-none-eabi-ar" "COMPILER_FLAGS=  -O2 -c" "EXTRA_COMPILER_FLAGS=-mcpu=cortex-a9 -mfpu=vfpv3 -mfloat-abi=hard -nostartfiles -Wall -Wextra -DUNDEFINE_FILE_OPS -DSHAREABLE_DDR -DUSE_AMP=1"
"Compiling qspips"
"Running Make libs in ps7_cortexa9_1/libsrc/scugic_v3_7/src"
make -C ps7_cortexa9_1/libsrc/scugic_v3_7/src -s libs  "SHELL=CMD" "COMPILER=arm-none-eabi-gcc" "ARCHIVER=arm-none-eabi-ar" "COMPILER_FLAGS=  -O2 -c" "EXTRA_COMPILER_FLAGS=-mcpu=cortex-a9 -mfpu=vfpv3 -mfloat-abi=hard -nostartfiles -Wall -Wextra -DUNDEFINE_FILE_OPS -DSHAREABLE_DDR -DUSE_AMP=1"
"Compiling scugic"
xscugic.c: In function 'DistributorInit':
xscugic.c:255:2: warning: #warning "Building GIC for AMP" [-Wcpp]
 #warning "Building GIC for AMP"
  ^~~~~~~
xscugic_g.c:53:2: warning: missing initializer for field 'HandlerTable' of 'XScuGic_Config {aka struct <anonymous>}' [-Wmissing-field-initializers]
  }
  ^
In file included from xscugic_g.c:41:0:
xscugic.h:218:27: note: 'HandlerTable' declared here
  XScuGic_VectorTableEntry HandlerTable[XSCUGIC_MAX_NUM_INTR_INPUTS];/**<
                           ^~~~~~~~~~~~
xscugic_hw.c: In function 'DistInit':
xscugic_hw.c:122:3: warning: #warning "Building GIC for AMP" [-Wcpp]
  #warning "Building GIC for AMP"
   ^~~~~~~
"Running Make libs in ps7_cortexa9_1/libsrc/scutimer_v2_1/src"
make -C ps7_cortexa9_1/libsrc/scutimer_v2_1/src -s libs  "SHELL=CMD" "COMPILER=arm-none-eabi-gcc" "ARCHIVER=arm-none-eabi-ar" "COMPILER_FLAGS=  -O2 -c" "EXTRA_COMPILER_FLAGS=-mcpu=cortex-a9 -mfpu=vfpv3 -mfloat-abi=hard -nostartfiles -Wall -Wextra -DUNDEFINE_FILE_OPS -DSHAREABLE_DDR -DUSE_AMP=1"
"Compiling scutimer"
"Running Make libs in ps7_cortexa9_1/libsrc/scuwdt_v2_1/src"
make -C ps7_cortexa9_1/libsrc/scuwdt_v2_1/src -s libs  "SHELL=CMD" "COMPILER=arm-none-eabi-gcc" "ARCHIVER=arm-none-eabi-ar" "COMPILER_FLAGS=  -O2 -c" "EXTRA_COMPILER_FLAGS=-mcpu=cortex-a9 -mfpu=vfpv3 -mfloat-abi=hard -nostartfiles -Wall -Wextra -DUNDEFINE_FILE_OPS -DSHAREABLE_DDR -DUSE_AMP=1"
"Compiling scuwdt"
"Running Make libs in ps7_cortexa9_1/libsrc/sdps_v3_2/src"
make -C ps7_cortexa9_1/libsrc/sdps_v3_2/src -s libs  "SHELL=CMD" "COMPILER=arm-none-eabi-gcc" "ARCHIVER=arm-none-eabi-ar" "COMPILER_FLAGS=  -O2 -c" "EXTRA_COMPILER_FLAGS=-mcpu=cortex-a9 -mfpu=vfpv3 -mfloat-abi=hard -nostartfiles -Wall -Wextra -DUNDEFINE_FILE_OPS -DSHAREABLE_DDR -DUSE_AMP=1"
"Compiling sdps"
"Running Make libs in ps7_cortexa9_1/libsrc/standalone_v6_3/src"
make -C ps7_cortexa9_1/libsrc/standalone_v6_3/src -s libs  "SHELL=CMD" "COMPILER=arm-none-eabi-gcc" "ARCHIVER=arm-none-eabi-ar" "COMPILER_FLAGS=  -O2 -c" "EXTRA_COMPILER_FLAGS=-mcpu=cortex-a9 -mfpu=vfpv3 -mfloat-abi=hard -nostartfiles -Wall -Wextra -DUNDEFINE_FILE_OPS -DSHAREABLE_DDR -DUSE_AMP=1"
"Compiling standalone"
xil_cache.c: In function 'Xil_DCacheInvalidateRange':
xil_cache.c:338:16: warning: unused variable 'L2CCOffset' [-Wunused-variable]
  volatile u32 *L2CCOffset = (volatile u32 *)(XPS_L2CC_BASEADDR +
                ^~~~~~~~~~
xil_cache.c: In function 'Xil_DCacheFlushRange':
xil_cache.c:483:16: warning: unused variable 'L2CCOffset' [-Wunused-variable]
  volatile u32 *L2CCOffset = (volatile u32 *)(XPS_L2CC_BASEADDR +
                ^~~~~~~~~~
xil_cache.c: In function 'Xil_ICacheInvalidateRange':
xil_cache.c:656:16: warning: unused variable 'L2CCOffset' [-Wunused-variable]
  volatile u32 *L2CCOffset = (volatile u32 *)(XPS_L2CC_BASEADDR +
                ^~~~~~~~~~
"Running Make libs in ps7_cortexa9_1/libsrc/ttcps_v3_3/src"
make -C ps7_cortexa9_1/libsrc/ttcps_v3_3/src -s libs  "SHELL=CMD" "COMPILER=arm-none-eabi-gcc" "ARCHIVER=arm-none-eabi-ar" "COMPILER_FLAGS=  -O2 -c" "EXTRA_COMPILER_FLAGS=-mcpu=cortex-a9 -mfpu=vfpv3 -mfloat-abi=hard -nostartfiles -Wall -Wextra -DUNDEFINE_FILE_OPS -DSHAREABLE_DDR -DUSE_AMP=1"
"Compiling ttcps"
"Running Make libs in ps7_cortexa9_1/libsrc/uartps_v3_4/src"
make -C ps7_cortexa9_1/libsrc/uartps_v3_4/src -s libs  "SHELL=CMD" "COMPILER=arm-none-eabi-gcc" "ARCHIVER=arm-none-eabi-ar" "COMPILER_FLAGS=  -O2 -c" "EXTRA_COMPILER_FLAGS=-mcpu=cortex-a9 -mfpu=vfpv3 -mfloat-abi=hard -nostartfiles -Wall -Wextra -DUNDEFINE_FILE_OPS -DSHAREABLE_DDR -DUSE_AMP=1"
"Compiling uartps"
"Running Make libs in ps7_cortexa9_1/libsrc/usbps_v2_4/src"
make -C ps7_cortexa9_1/libsrc/usbps_v2_4/src -s libs  "SHELL=CMD" "COMPILER=arm-none-eabi-gcc" "ARCHIVER=arm-none-eabi-ar" "COMPILER_FLAGS=  -O2 -c" "EXTRA_COMPILER_FLAGS=-mcpu=cortex-a9 -mfpu=vfpv3 -mfloat-abi=hard -nostartfiles -Wall -Wextra -DUNDEFINE_FILE_OPS -DSHAREABLE_DDR -DUSE_AMP=1"
"Compiling usbps"
"Running Make libs in ps7_cortexa9_1/libsrc/xadcps_v2_2/src"
make -C ps7_cortexa9_1/libsrc/xadcps_v2_2/src -s libs  "SHELL=CMD" "COMPILER=arm-none-eabi-gcc" "ARCHIVER=arm-none-eabi-ar" "COMPILER_FLAGS=  -O2 -c" "EXTRA_COMPILER_FLAGS=-mcpu=cortex-a9 -mfpu=vfpv3 -mfloat-abi=hard -nostartfiles -Wall -Wextra -DUNDEFINE_FILE_OPS -DSHAREABLE_DDR -DUSE_AMP=1"
"Compiling xadcps"
'Finished building libraries'

18:14:36 Build Finished (took 1m:34s.874ms)

